<?xml version="1.0" encoding="UTF-8"?>
<!-- Generated by org.testng.reporters.JUnitReportReporter -->
<testsuite hostname="IN1-1030205LT" failures="0" tests="1" name="Selenium.TestNG" time="0.003" errors="0" timestamp="2022-02-10T22:55:57 IST" skipped="0">
  <testcase classname="Selenium.TestNG" name="test" time="0.003"/>
  <system-out/>
</testsuite> <!-- Selenium.TestNG -->
