<?xml version="1.0" encoding="UTF-8"?>
<!-- Generated by org.testng.reporters.JUnitReportReporter -->
<testsuite hostname="IN1-1030205LT" failures="0" tests="2" name="com.cl.qa.testcases.LoginTest" time="32.727" errors="0" timestamp="2022-08-10T18:33:46 IST" skipped="1">
  <testcase classname="com.cl.qa.testcases.LoginTest" name="homepage_test" time="32.727"/>
  <system-out/>
  <testcase classname="com.cl.qa.testcases.LoginTest" name="pagetitle">
    <skipped/>
  </testcase> <!-- pagetitle -->
  <system-out/>
</testsuite> <!-- com.cl.qa.testcases.LoginTest -->
