<?xml version="1.0" encoding="UTF-8"?>
<!-- Generated by org.testng.reporters.JUnitReportReporter -->
<testsuite hostname="IN1-1030205LT" failures="0" tests="2" name="com.cl.qa.testcases.LoginTest" time="11.790" errors="0" timestamp="2022-02-12T20:46:33 IST" skipped="0">
  <testcase classname="com.cl.qa.testcases.LoginTest" name="CheckUserNamePassword" time="7.270"/>
  <system-out/>
  <testcase classname="com.cl.qa.testcases.LoginTest" name="loginpagetitle" time="4.520"/>
  <system-out/>
</testsuite> <!-- com.cl.qa.testcases.LoginTest -->
