<?xml version="1.0" encoding="UTF-8"?>
<!-- Generated by org.testng.reporters.JUnitReportReporter -->
<testsuite hostname="IN1-1030205LT" failures="0" tests="1" name="NewTest" time="0.003" errors="0" timestamp="2022-02-10T17:15:53 IST" skipped="0">
  <testcase classname="NewTest" name="f" time="0.003"/>
  <system-out/>
</testsuite> <!-- NewTest -->
