<?xml version="1.0" encoding="UTF-8"?>
<!-- Generated by org.testng.reporters.JUnitReportReporter -->
<testsuite skipped="0" hostname="IN1-1030205LT" name="com.cl.qa.testcases.SignUpTest" tests="2" failures="0" timestamp="10 Aug 2022 13:06:59 GMT" time="14.145" errors="0">
  <testcase name="clickonsignup" time="0.171" classname="com.cl.qa.testcases.SignUpTest"/>
  <testcase name="Enter_personalinfo" time="13.974" classname="com.cl.qa.testcases.SignUpTest"/>
</testsuite> <!-- com.cl.qa.testcases.SignUpTest -->
