<?xml version="1.0" encoding="UTF-8"?>
<!-- Generated by org.testng.reporters.JUnitReportReporter -->
<testsuite skipped="1" hostname="IN1-1030205LT" name="com.cl.qa.testcases.LoginTest" tests="2" failures="0" timestamp="10 Aug 2022 13:06:59 GMT" time="37.259" errors="0">
  <testcase name="homepage_test" time="37.259" classname="com.cl.qa.testcases.LoginTest"/>
  <testcase name="pagetitle" classname="com.cl.qa.testcases.LoginTest">
    <skipped/>
  </testcase> <!-- pagetitle -->
</testsuite> <!-- com.cl.qa.testcases.LoginTest -->
